---
apiVersion: types.federation.k8s.io/v1alpha1
kind: FederatedDeployment
metadata:
  name: test
  namespace: test-namespace
spec:
  placement:
    clusterNames:
    - blue
    - red
  template:
    metadata: {}
    spec:
      replicas: 1
      selector:
        matchLabels:
          app: test
      template:
        metadata:
          labels:
            app: test
        spec:
          containers:
          - command:
            - /bin/sleep
            - infinity
            image: tutum/curl
            name: sleep
          - image: nginx
            name: sidecar
            readinessProbe:
              httpGet:
                path: /
                port: 80
              initialDelaySeconds: 30
---
apiVersion: types.federation.k8s.io/v1alpha1
kind: FederatedJob
metadata:
  name: testyjob
  namespace: test-namespace
spec:
  placement:
    clusterNames:
    - blue
    - red
  template:
    metadata: {}
    spec:
      template:
        spec:
          containers:
          - command:
            - /bin/sleep
            - "60"
            image: tutum/curl
            name: sleep
          - image: nginx
            name: sidecar
          restartPolicy: Never
